<?xml version="1.0" encoding="UTF-8"?>
<!-- Generated by org.testng.reporters.JUnitXMLReporter -->
<testsuite ignored="0" hostname="LAPTOP-EGNFLL63" failures="0" tests="1" name="LoginTest" time="1.105" errors="0" timestamp="2023-07-27T08:36:55 PDT">
  <testcase classname="com.training.testcases.LoginTest" name="@BeforeMethod LaunchApplication" time="0.022">
    <failure type="java.lang.Error" message="Unresolved compilation problem: 
	The method getUrl(String) from the type BaseTest is not visible
">
      <![CDATA[java.lang.Error: Unresolved compilation problem: 
The method getUrl(String) from the type BaseTest is not visible

at com.training.testcases.LoginTest.LaunchApplication(LoginTest.java:24)
at java.base/java.util.ArrayList.forEach(ArrayList.java:1511)
... Removed 31 stack frames]]>
    </failure>
  </testcase> <!-- @BeforeMethod LaunchApplication -->
  <testcase classname="com.training.testcases.LoginTest" name="@AfterMethod teardown" time="0.0">
    <skipped/>
  </testcase> <!-- @AfterMethod teardown -->
  <testcase classname="com.training.testcases.LoginTest" name="LoginintoApplication" time="0.001">
    <skipped/>
  </testcase> <!-- LoginintoApplication -->
</testsuite> <!-- LoginTest -->
